Arguments: 
  C:\Program Files\nodejs\node.exe C:\Users\Руслан\AppData\Roaming\npm\node_modules\yarn\bin\yarn.js add @vue/apollo-composable@4.0.0-alpha.12

PATH: 
  C:\Windows\system32;C:\Windows;C:\Windows\System32\Wbem;C:\Windows\System32\WindowsPowerShell\v1.0\;C:\Windows\System32\OpenSSH\;C:\Program Files (x86)\NVIDIA Corporation\PhysX\Common;C:\Program Files\NVIDIA Corporation\NVIDIA NvDLISR;C:\WINDOWS\system32;C:\WINDOWS;C:\WINDOWS\System32\Wbem;C:\WINDOWS\System32\WindowsPowerShell\v1.0\;C:\WINDOWS\System32\OpenSSH\;C:\Program Files\Git\cmd;C:\Program Files (x86)\dotnet\;C:\Program Files\nodejs\;C:\Program Files\Docker\Docker\resources\bin;C:\Users\Руслан\AppData\Local\Microsoft\WindowsApps;C:\Users\Руслан\AppData\Local\Programs\Microsoft VS Code\bin;C:\Program Files\heroku\bin;C:\Users\Руслан\AppData\Local\Microsoft\WindowsApps;C:\Users\Руслан\AppData\Local\Google\Cloud SDK\google-cloud-sdk\bin;C:\Users\Руслан\AppData\Roaming\npm;C:\Program Files (x86)\BrowserStackLocal\

Yarn version: 
  1.22.19

Node version: 
  18.18.0

Platform: 
  win32 x64

Trace: 
  Error: EPERM: operation not permitted, unlink 'D:\OneDrive\Web\VueMastery\Querying with GraphQL\GraphQL\graphql-client\node_modules\esbuild-windows-64\esbuild.exe'

npm manifest: 
  {
    "name": "vite-app",
    "version": "0.0.0",
    "scripts": {
      "dev": "vite",
      "build": "vite build",
      "serve": "vite preview"
    },
    "dependencies": {
      "@apollo/client": "^3.5.4",
      "@rollup/plugin-graphql": "^1.1.0",
      "graphql": "^15.3.0",
      "graphql-tag": "^2.12.6",
      "vue": "^3.2.16"
    },
    "devDependencies": {
      "@vitejs/plugin-vue": "^1.9.3",
      "vite": "^2.6.4"
    }
  }

yarn manifest: 
  No manifest

Lockfile: 
  # THIS IS AN AUTOGENERATED FILE. DO NOT EDIT THIS FILE DIRECTLY.
  # yarn lockfile v1
  
  
  "@apollo/client@^3.5.4":
    version "3.5.7"
    resolved "https://registry.npmjs.org/@apollo/client/-/client-3.5.7.tgz"
    integrity sha512-HSLqTGp3sp/PVIWYLLr5v3fjQSr6Fxg6Z5RQj5Q9ALyseIVudD8GZk1jHplaUblTFMBueXGw3Z6DXObuVAr3tw==
    dependencies:
      "@graphql-typed-document-node/core" "^3.0.0"
      "@wry/context" "^0.6.0"
      "@wry/equality" "^0.5.0"
      "@wry/trie" "^0.3.0"
      graphql-tag "^2.12.3"
      hoist-non-react-statics "^3.3.2"
      optimism "^0.16.1"
      prop-types "^15.7.2"
      symbol-observable "^4.0.0"
      ts-invariant "^0.9.4"
      tslib "^2.3.0"
      zen-observable-ts "^1.2.0"
  
  "@babel/parser@^7.16.4":
    version "7.16.8"
    resolved "https://registry.npmjs.org/@babel/parser/-/parser-7.16.8.tgz"
    integrity sha512-i7jDUfrVBWc+7OKcBzEe5n7fbv3i2fWtxKzzCvOjnzSxMfWMigAhtfJ7qzZNGFNMsCCd67+uz553dYKWXPvCKw==
  
  "@graphql-typed-document-node/core@^3.0.0":
    version "3.1.1"
    resolved "https://registry.npmjs.org/@graphql-typed-document-node/core/-/core-3.1.1.tgz"
    integrity sha512-NQ17ii0rK1b34VZonlmT2QMJFI70m0TRwbknO/ihlbatXyaktDhN/98vBiUU6kNBPljqGqyIrl2T4nY2RpFANg==
  
  "@rollup/plugin-graphql@^1.1.0":
    version "1.1.0"
    resolved "https://registry.npmjs.org/@rollup/plugin-graphql/-/plugin-graphql-1.1.0.tgz"
    integrity sha512-X+H6oFlprDlnO3D0UiEytdW97AMphPXO0C7KunS7i/rBXIGQRQVDU5WKTXnBu2tfyYbjCTtfhXMSGI0i885PNg==
    dependencies:
      "@rollup/pluginutils" "^4.0.0"
      graphql-tag "^2.2.2"
  
  "@rollup/pluginutils@^4.0.0":
    version "4.1.2"
    resolved "https://registry.npmjs.org/@rollup/pluginutils/-/pluginutils-4.1.2.tgz"
    integrity sha512-ROn4qvkxP9SyPeHaf7uQC/GPFY6L/OWy9+bd9AwcjOAWQwxRscoEyAUD8qCY5o5iL4jqQwoLk2kaTKJPb/HwzQ==
    dependencies:
      estree-walker "^2.0.1"
      picomatch "^2.2.2"
  
  "@vitejs/plugin-vue@^1.9.3":
    version "1.10.2"
    resolved "https://registry.npmjs.org/@vitejs/plugin-vue/-/plugin-vue-1.10.2.tgz"
    integrity sha512-/QJ0Z9qfhAFtKRY+r57ziY4BSbGUTGsPRMpB/Ron3QPwBZM4OZAZHdTa4a8PafCwU5DTatXG8TMDoP8z+oDqJw==
  
  "@vue/compiler-core@3.2.26":
    version "3.2.26"
    resolved "https://registry.npmjs.org/@vue/compiler-core/-/compiler-core-3.2.26.tgz"
    integrity sha512-N5XNBobZbaASdzY9Lga2D9Lul5vdCIOXvUMd6ThcN8zgqQhPKfCV+wfAJNNJKQkSHudnYRO2gEB+lp0iN3g2Tw==
    dependencies:
      "@babel/parser" "^7.16.4"
      "@vue/shared" "3.2.26"
      estree-walker "^2.0.2"
      source-map "^0.6.1"
  
  "@vue/compiler-dom@3.2.26":
    version "3.2.26"
    resolved "https://registry.npmjs.org/@vue/compiler-dom/-/compiler-dom-3.2.26.tgz"
    integrity sha512-smBfaOW6mQDxcT3p9TKT6mE22vjxjJL50GFVJiI0chXYGU/xzC05QRGrW3HHVuJrmLTLx5zBhsZ2dIATERbarg==
    dependencies:
      "@vue/compiler-core" "3.2.26"
      "@vue/shared" "3.2.26"
  
  "@vue/compiler-sfc@3.2.26":
    version "3.2.26"
    resolved "https://registry.npmjs.org/@vue/compiler-sfc/-/compiler-sfc-3.2.26.tgz"
    integrity sha512-ePpnfktV90UcLdsDQUh2JdiTuhV0Skv2iYXxfNMOK/F3Q+2BO0AulcVcfoksOpTJGmhhfosWfMyEaEf0UaWpIw==
    dependencies:
      "@babel/parser" "^7.16.4"
      "@vue/compiler-core" "3.2.26"
      "@vue/compiler-dom" "3.2.26"
      "@vue/compiler-ssr" "3.2.26"
      "@vue/reactivity-transform" "3.2.26"
      "@vue/shared" "3.2.26"
      estree-walker "^2.0.2"
      magic-string "^0.25.7"
      postcss "^8.1.10"
      source-map "^0.6.1"
  
  "@vue/compiler-ssr@3.2.26":
    version "3.2.26"
    resolved "https://registry.npmjs.org/@vue/compiler-ssr/-/compiler-ssr-3.2.26.tgz"
    integrity sha512-2mywLX0ODc4Zn8qBoA2PDCsLEZfpUGZcyoFRLSOjyGGK6wDy2/5kyDOWtf0S0UvtoyVq95OTSGIALjZ4k2q/ag==
    dependencies:
      "@vue/compiler-dom" "3.2.26"
      "@vue/shared" "3.2.26"
  
  "@vue/reactivity-transform@3.2.26":
    version "3.2.26"
    resolved "https://registry.npmjs.org/@vue/reactivity-transform/-/reactivity-transform-3.2.26.tgz"
    integrity sha512-XKMyuCmzNA7nvFlYhdKwD78rcnmPb7q46uoR00zkX6yZrUmcCQ5OikiwUEVbvNhL5hBJuvbSO95jB5zkUon+eQ==
    dependencies:
      "@babel/parser" "^7.16.4"
      "@vue/compiler-core" "3.2.26"
      "@vue/shared" "3.2.26"
      estree-walker "^2.0.2"
      magic-string "^0.25.7"
  
  "@vue/reactivity@3.2.26":
    version "3.2.26"
    resolved "https://registry.npmjs.org/@vue/reactivity/-/reactivity-3.2.26.tgz"
    integrity sha512-h38bxCZLW6oFJVDlCcAiUKFnXI8xP8d+eO0pcDxx+7dQfSPje2AO6M9S9QO6MrxQB7fGP0DH0dYQ8ksf6hrXKQ==
    dependencies:
      "@vue/shared" "3.2.26"
  
  "@vue/runtime-core@3.2.26":
    version "3.2.26"
    resolved "https://registry.npmjs.org/@vue/runtime-core/-/runtime-core-3.2.26.tgz"
    integrity sha512-BcYi7qZ9Nn+CJDJrHQ6Zsmxei2hDW0L6AB4vPvUQGBm2fZyC0GXd/4nVbyA2ubmuhctD5RbYY8L+5GUJszv9mQ==
    dependencies:
      "@vue/reactivity" "3.2.26"
      "@vue/shared" "3.2.26"
  
  "@vue/runtime-dom@3.2.26":
    version "3.2.26"
    resolved "https://registry.npmjs.org/@vue/runtime-dom/-/runtime-dom-3.2.26.tgz"
    integrity sha512-dY56UIiZI+gjc4e8JQBwAifljyexfVCkIAu/WX8snh8vSOt/gMSEGwPRcl2UpYpBYeyExV8WCbgvwWRNt9cHhQ==
    dependencies:
      "@vue/runtime-core" "3.2.26"
      "@vue/shared" "3.2.26"
      csstype "^2.6.8"
  
  "@vue/server-renderer@3.2.26":
    version "3.2.26"
    resolved "https://registry.npmjs.org/@vue/server-renderer/-/server-renderer-3.2.26.tgz"
    integrity sha512-Jp5SggDUvvUYSBIvYEhy76t4nr1vapY/FIFloWmQzn7UxqaHrrBpbxrqPcTrSgGrcaglj0VBp22BKJNre4aA1w==
    dependencies:
      "@vue/compiler-ssr" "3.2.26"
      "@vue/shared" "3.2.26"
  
  "@vue/shared@3.2.26":
    version "3.2.26"
    resolved "https://registry.npmjs.org/@vue/shared/-/shared-3.2.26.tgz"
    integrity sha512-vPV6Cq+NIWbH5pZu+V+2QHE9y1qfuTq49uNWw4f7FDEeZaDU2H2cx5jcUZOAKW7qTrUS4k6qZPbMy1x4N96nbA==
  
  "@wry/context@^0.6.0":
    version "0.6.1"
    resolved "https://registry.npmjs.org/@wry/context/-/context-0.6.1.tgz"
    integrity sha512-LOmVnY1iTU2D8tv4Xf6MVMZZ+juIJ87Kt/plMijjN20NMAXGmH4u8bS1t0uT74cZ5gwpocYueV58YwyI8y+GKw==
    dependencies:
      tslib "^2.3.0"
  
  "@wry/equality@^0.5.0":
    version "0.5.2"
    resolved "https://registry.npmjs.org/@wry/equality/-/equality-0.5.2.tgz"
    integrity sha512-oVMxbUXL48EV/C0/M7gLVsoK6qRHPS85x8zECofEZOVvxGmIPLA9o5Z27cc2PoAyZz1S2VoM2A7FLAnpfGlneA==
    dependencies:
      tslib "^2.3.0"
  
  "@wry/trie@^0.3.0":
    version "0.3.1"
    resolved "https://registry.npmjs.org/@wry/trie/-/trie-0.3.1.tgz"
    integrity sha512-WwB53ikYudh9pIorgxrkHKrQZcCqNM/Q/bDzZBffEaGUKGuHrRb3zZUT9Sh2qw9yogC7SsdRmQ1ER0pqvd3bfw==
    dependencies:
      tslib "^2.3.0"
  
  csstype@^2.6.8:
    version "2.6.19"
    resolved "https://registry.npmjs.org/csstype/-/csstype-2.6.19.tgz"
    integrity sha512-ZVxXaNy28/k3kJg0Fou5MiYpp88j7H9hLZp8PDC3jV0WFjfH5E9xHb56L0W59cPbKbcHXeP4qyT8PrHp8t6LcQ==
  
  esbuild-windows-64@0.13.15:
    version "0.13.15"
    resolved "https://registry.npmjs.org/esbuild-windows-64/-/esbuild-windows-64-0.13.15.tgz"
    integrity sha512-9aMsPRGDWCd3bGjUIKG/ZOJPKsiztlxl/Q3C1XDswO6eNX/Jtwu4M+jb6YDH9hRSUflQWX0XKAfWzgy5Wk54JQ==
  
  esbuild@^0.13.12:
    version "0.13.15"
    resolved "https://registry.npmjs.org/esbuild/-/esbuild-0.13.15.tgz"
    integrity sha512-raCxt02HBKv8RJxE8vkTSCXGIyKHdEdGfUmiYb8wnabnaEmHzyW7DCHb5tEN0xU8ryqg5xw54mcwnYkC4x3AIw==
    optionalDependencies:
      esbuild-android-arm64 "0.13.15"
      esbuild-darwin-64 "0.13.15"
      esbuild-darwin-arm64 "0.13.15"
      esbuild-freebsd-64 "0.13.15"
      esbuild-freebsd-arm64 "0.13.15"
      esbuild-linux-32 "0.13.15"
      esbuild-linux-64 "0.13.15"
      esbuild-linux-arm "0.13.15"
      esbuild-linux-arm64 "0.13.15"
      esbuild-linux-mips64le "0.13.15"
      esbuild-linux-ppc64le "0.13.15"
      esbuild-netbsd-64 "0.13.15"
      esbuild-openbsd-64 "0.13.15"
      esbuild-sunos-64 "0.13.15"
      esbuild-windows-32 "0.13.15"
      esbuild-windows-64 "0.13.15"
      esbuild-windows-arm64 "0.13.15"
  
  estree-walker@^2.0.1, estree-walker@^2.0.2:
    version "2.0.2"
    resolved "https://registry.npmjs.org/estree-walker/-/estree-walker-2.0.2.tgz"
    integrity sha512-Rfkk/Mp/DL7JVje3u18FxFujQlTNR2q6QfMSMB7AvCBx91NGj/ba3kCfza0f6dVDbw7YlRf/nDrn7pQrCCyQ/w==
  
  function-bind@^1.1.1:
    version "1.1.1"
    resolved "https://registry.npmjs.org/function-bind/-/function-bind-1.1.1.tgz"
    integrity sha512-yIovAzMX49sF8Yl58fSCWJ5svSLuaibPxXQJFLmBObTuCr0Mf1KiPopGM9NiFjiYBCbfaa2Fh6breQ6ANVTI0A==
  
  graphql-tag@^2.12.3, graphql-tag@^2.12.6, graphql-tag@^2.2.2:
    version "2.12.6"
    resolved "https://registry.npmjs.org/graphql-tag/-/graphql-tag-2.12.6.tgz"
    integrity sha512-FdSNcu2QQcWnM2VNvSCCDCVS5PpPqpzgFT8+GXzqJuoDd0CBncxCY278u4mhRO7tMgo2JjgJA5aZ+nWSQ/Z+xg==
    dependencies:
      tslib "^2.1.0"
  
  "graphql@^0.8.0 || ^0.9.0 || ^0.10.0 || ^0.11.0 || ^0.12.0 || ^0.13.0 || ^14.0.0 || ^15.0.0 || ^16.0.0", "graphql@^0.9.0 || ^0.10.0 || ^0.11.0 || ^0.12.0 || ^0.13.0 || ^14.0.0 || ^15.0.0 || ^16.0.0", "graphql@^14.0.0 || ^15.0.0 || ^16.0.0", graphql@^15.3.0, graphql@>=0.9.0:
    version "15.8.0"
    resolved "https://registry.npmjs.org/graphql/-/graphql-15.8.0.tgz"
    integrity sha512-5gghUc24tP9HRznNpV2+FIoq3xKkj5dTQqf4v0CpdPbFVwFkWoxOM+o+2OC9ZSvjEMTjfmG9QT+gcvggTwW1zw==
  
  has@^1.0.3:
    version "1.0.3"
    resolved "https://registry.npmjs.org/has/-/has-1.0.3.tgz"
    integrity sha512-f2dvO0VU6Oej7RkWJGrehjbzMAjFp5/VKPp5tTpWIV4JHHZK1/BxbFRtf/siA2SWTe09caDmVtYYzWEIbBS4zw==
    dependencies:
      function-bind "^1.1.1"
  
  hoist-non-react-statics@^3.3.2:
    version "3.3.2"
    resolved "https://registry.npmjs.org/hoist-non-react-statics/-/hoist-non-react-statics-3.3.2.tgz"
    integrity sha512-/gGivxi8JPKWNm/W0jSmzcMPpfpPLc3dY/6GxhX2hQ9iGj3aDfklV4ET7NjKpSinLpJ5vafa9iiGIEZg10SfBw==
    dependencies:
      react-is "^16.7.0"
  
  is-core-module@^2.8.0:
    version "2.8.1"
    resolved "https://registry.npmjs.org/is-core-module/-/is-core-module-2.8.1.tgz"
    integrity sha512-SdNCUs284hr40hFTFP6l0IfZ/RSrMXF3qgoRHd3/79unUTvrFO/JoXwkGm+5J/Oe3E/b5GsnG330uUNgRpu1PA==
    dependencies:
      has "^1.0.3"
  
  "js-tokens@^3.0.0 || ^4.0.0":
    version "4.0.0"
    resolved "https://registry.npmjs.org/js-tokens/-/js-tokens-4.0.0.tgz"
    integrity sha512-RdJUflcE3cUzKiMqQgsCu06FPu9UdIJO0beYbPhHN4k6apgJtifcoCtT9bcxOpYBtpD2kCM6Sbzg4CausW/PKQ==
  
  loose-envify@^1.4.0:
    version "1.4.0"
    resolved "https://registry.npmjs.org/loose-envify/-/loose-envify-1.4.0.tgz"
    integrity sha512-lyuxPGr/Wfhrlem2CL/UcnUc1zcqKAImBDzukY7Y5F/yQiNdko6+fRLevlw1HgMySw7f611UIY408EtxRSoK3Q==
    dependencies:
      js-tokens "^3.0.0 || ^4.0.0"
  
  magic-string@^0.25.7:
    version "0.25.7"
    resolved "https://registry.npmjs.org/magic-string/-/magic-string-0.25.7.tgz"
    integrity sha512-4CrMT5DOHTDk4HYDlzmwu4FVCcIYI8gauveasrdCu2IKIFOJ3f0v/8MDGJCDL9oD2ppz/Av1b0Nj345H9M+XIA==
    dependencies:
      sourcemap-codec "^1.4.4"
  
  nanoid@^3.1.30:
    version "3.1.32"
    resolved "https://registry.npmjs.org/nanoid/-/nanoid-3.1.32.tgz"
    integrity sha512-F8mf7R3iT9bvThBoW4tGXhXFHCctyCiUUPrWF8WaTqa3h96d9QybkSeba43XVOOE3oiLfkVDe4bT8MeGmkrTxw==
  
  object-assign@^4.1.1:
    version "4.1.1"
    resolved "https://registry.npmjs.org/object-assign/-/object-assign-4.1.1.tgz"
    integrity sha1-IQmtx5ZYh8/AXLvUQsrIv7s2CGM=
  
  optimism@^0.16.1:
    version "0.16.1"
    resolved "https://registry.npmjs.org/optimism/-/optimism-0.16.1.tgz"
    integrity sha512-64i+Uw3otrndfq5kaoGNoY7pvOhSsjFEN4bdEFh80MWVk/dbgJfMv7VFDeCT8LxNAlEVhQmdVEbfE7X2nWNIIg==
    dependencies:
      "@wry/context" "^0.6.0"
      "@wry/trie" "^0.3.0"
  
  path-parse@^1.0.7:
    version "1.0.7"
    resolved "https://registry.npmjs.org/path-parse/-/path-parse-1.0.7.tgz"
    integrity sha512-LDJzPVEEEPR+y48z93A0Ed0yXb8pAByGWo/k5YYdYgpY2/2EsOsksJrq7lOHxryrVOn1ejG6oAp8ahvOIQD8sw==
  
  picocolors@^1.0.0:
    version "1.0.0"
    resolved "https://registry.npmjs.org/picocolors/-/picocolors-1.0.0.tgz"
    integrity sha512-1fygroTLlHu66zi26VoTDv8yRgm0Fccecssto+MhsZ0D/DGW2sm8E8AjW7NU5VVTRt5GxbeZ5qBuJr+HyLYkjQ==
  
  picomatch@^2.2.2:
    version "2.3.1"
    resolved "https://registry.npmjs.org/picomatch/-/picomatch-2.3.1.tgz"
    integrity sha512-JU3teHTNjmE2VCGFzuY8EXzCDVwEqB2a8fsIvwaStHhAWJEeVd1o1QD80CU6+ZdEXXSLbSsuLwJjkCBWqRQUVA==
  
  postcss@^8.1.10, postcss@^8.4.5:
    version "8.4.5"
    resolved "https://registry.npmjs.org/postcss/-/postcss-8.4.5.tgz"
    integrity sha512-jBDboWM8qpaqwkMwItqTQTiFikhs/67OYVvblFFTM7MrZjt6yMKd6r2kgXizEbTTljacm4NldIlZnhbjr84QYg==
    dependencies:
      nanoid "^3.1.30"
      picocolors "^1.0.0"
      source-map-js "^1.0.1"
  
  prop-types@^15.7.2:
    version "15.8.1"
    resolved "https://registry.npmjs.org/prop-types/-/prop-types-15.8.1.tgz"
    integrity sha512-oj87CgZICdulUohogVAR7AjlC0327U4el4L6eAvOqCeudMDVU0NThNaV+b9Df4dXgSP1gXMTnPdhfe/2qDH5cg==
    dependencies:
      loose-envify "^1.4.0"
      object-assign "^4.1.1"
      react-is "^16.13.1"
  
  react-is@^16.13.1, react-is@^16.7.0:
    version "16.13.1"
    resolved "https://registry.npmjs.org/react-is/-/react-is-16.13.1.tgz"
    integrity sha512-24e6ynE2H+OKt4kqsOvNd8kBpV65zoxbA4BVsEOB3ARVWQki/DHzaUoC5KuON/BiccDaCCTZBuOcfZs70kR8bQ==
  
  resolve@^1.20.0:
    version "1.21.0"
    resolved "https://registry.npmjs.org/resolve/-/resolve-1.21.0.tgz"
    integrity sha512-3wCbTpk5WJlyE4mSOtDLhqQmGFi0/TD9VPwmiolnk8U0wRgMEktqCXd3vy5buTO3tljvalNvKrjHEfrd2WpEKA==
    dependencies:
      is-core-module "^2.8.0"
      path-parse "^1.0.7"
      supports-preserve-symlinks-flag "^1.0.0"
  
  "rollup@^1.20.0 || ^2.0.0", rollup@^2.59.0:
    version "2.64.0"
    resolved "https://registry.npmjs.org/rollup/-/rollup-2.64.0.tgz"
    integrity sha512-+c+lbw1lexBKSMb1yxGDVfJ+vchJH3qLbmavR+awDinTDA2C5Ug9u7lkOzj62SCu0PKUExsW36tpgW7Fmpn3yQ==
    optionalDependencies:
      fsevents "~2.3.2"
  
  source-map-js@^1.0.1:
    version "1.0.1"
    resolved "https://registry.npmjs.org/source-map-js/-/source-map-js-1.0.1.tgz"
    integrity sha512-4+TN2b3tqOCd/kaGRJ/sTYA0tR0mdXx26ipdolxcwtJVqEnqNYvlCAt1q3ypy4QMlYus+Zh34RNtYLoq2oQ4IA==
  
  source-map@^0.6.1:
    version "0.6.1"
    resolved "https://registry.npmjs.org/source-map/-/source-map-0.6.1.tgz"
    integrity sha512-UjgapumWlbMhkBgzT7Ykc5YXUT46F0iKu8SGXq0bcwP5dz/h0Plj6enJqjz1Zbq2l5WaqYnrVbwWOWMyF3F47g==
  
  sourcemap-codec@^1.4.4:
    version "1.4.8"
    resolved "https://registry.npmjs.org/sourcemap-codec/-/sourcemap-codec-1.4.8.tgz"
    integrity sha512-9NykojV5Uih4lgo5So5dtw+f0JgJX30KCNI8gwhz2J9A15wD0Ml6tjHKwf6fTSa6fAdVBdZeNOs9eJ71qCk8vA==
  
  supports-preserve-symlinks-flag@^1.0.0:
    version "1.0.0"
    resolved "https://registry.npmjs.org/supports-preserve-symlinks-flag/-/supports-preserve-symlinks-flag-1.0.0.tgz"
    integrity sha512-ot0WnXS9fgdkgIcePe6RHNk1WA8+muPa6cSjeR3V8K27q9BB1rTE3R1p7Hv0z1ZyAc8s6Vvv8DIyWf681MAt0w==
  
  symbol-observable@^4.0.0:
    version "4.0.0"
    resolved "https://registry.npmjs.org/symbol-observable/-/symbol-observable-4.0.0.tgz"
    integrity sha512-b19dMThMV4HVFynSAM1++gBHAbk2Tc/osgLIBZMKsyqh34jb2e8Os7T6ZW/Bt3pJFdBTd2JwAnAAEQV7rSNvcQ==
  
  ts-invariant@^0.9.4:
    version "0.9.4"
    resolved "https://registry.npmjs.org/ts-invariant/-/ts-invariant-0.9.4.tgz"
    integrity sha512-63jtX/ZSwnUNi/WhXjnK8kz4cHHpYS60AnmA6ixz17l7E12a5puCWFlNpkne5Rl0J8TBPVHpGjsj4fxs8ObVLQ==
    dependencies:
      tslib "^2.1.0"
  
  tslib@^2.1.0, tslib@^2.3.0:
    version "2.3.1"
    resolved "https://registry.npmjs.org/tslib/-/tslib-2.3.1.tgz"
    integrity sha512-77EbyPPpMz+FRFRuAFlWMtmgUWGe9UOG2Z25NqCwiIjRhOf5iKGuzSe5P2w1laq+FkRy4p+PCuVkJSGkzTEKVw==
  
  vite@^2.5.10, vite@^2.6.4:
    version "2.7.12"
    resolved "https://registry.npmjs.org/vite/-/vite-2.7.12.tgz"
    integrity sha512-KvPYToRQWhRfBeVkyhkZ5hASuHQkqZUUdUcE3xyYtq5oYEPIJ0h9LWiWTO6v990glmSac2cEPeYeXzpX5Z6qKQ==
    dependencies:
      esbuild "^0.13.12"
      postcss "^8.4.5"
      resolve "^1.20.0"
      rollup "^2.59.0"
    optionalDependencies:
      fsevents "~2.3.2"
  
  vue@^3.2.16, vue@3.2.26:
    version "3.2.26"
    resolved "https://registry.npmjs.org/vue/-/vue-3.2.26.tgz"
    integrity sha512-KD4lULmskL5cCsEkfhERVRIOEDrfEL9CwAsLYpzptOGjaGFNWo3BQ9g8MAb7RaIO71rmVOziZ/uEN/rHwcUIhg==
    dependencies:
      "@vue/compiler-dom" "3.2.26"
      "@vue/compiler-sfc" "3.2.26"
      "@vue/runtime-dom" "3.2.26"
      "@vue/server-renderer" "3.2.26"
      "@vue/shared" "3.2.26"
  
  zen-observable-ts@^1.2.0:
    version "1.2.3"
    resolved "https://registry.npmjs.org/zen-observable-ts/-/zen-observable-ts-1.2.3.tgz"
    integrity sha512-hc/TGiPkAWpByykMwDcem3SdUgA4We+0Qb36bItSuJC9xD0XVBZoFHYoadAomDSNf64CG8Ydj0Qb8Od8BUWz5g==
    dependencies:
      zen-observable "0.8.15"
  
  zen-observable@0.8.15:
    version "0.8.15"
    resolved "https://registry.npmjs.org/zen-observable/-/zen-observable-0.8.15.tgz"
    integrity sha512-PQ2PC7R9rslx84ndNBZB/Dkv8V8fZEpk83RLgXtYd0fwUgEjseMn1Dgajh2x6S8QbZAFa9p2qVCEuYZNgve0dQ==
